[0m[1;36;40m{[0m
[0m[0m '[1;32;40msorting[0m': [0m
[0m[0m            [1;36;40m{[0m
[0m[0m             '[1;32;40mSuunto Apps[0m': '[1;36;40m15[0m', [0m
[0m[0m             '[1;32;40mt1[0m': '[1;36;40mMy Apps[0m', [0m
[0m[0m             '[1;32;40m10[0m': '[1;36;40mMost used[0m', [0m
[0m[0m             '[1;32;40mLatest[0m': '[1;36;40m5[0m', [0m
[0m[0m             '[1;32;40mMost liked[0m': '[1;36;40m6[0m', [0m
[0m[0m             '[1;32;40m6[0m': '[1;36;40mMost liked[0m', [0m
[0m[0m             '[1;32;40m15[0m': '[1;36;40mSuunto Apps[0m', [0m
[0m[0m             '[1;32;40mMy Apps[0m': '[1;36;40mt1[0m', [0m
[0m[0m             '[1;32;40mMost used[0m': '[1;36;40m10[0m', [0m
[0m[0m             '[1;32;40m5[0m': '[1;36;40mLatest[0m'[0m
[0m[0m            [1;36;40m}[0m, [0m
[0m[0m '[1;32;40mactivity[0m': [0m
[0m[0m             [1;36;40m{[0m
[0m[0m              '[1;32;40mVolleyball[0m': '[1;36;40m27[0m', [0m
[0m[0m              '[1;32;40m92[0m': '[1;36;40mParagliding[0m', [0m
[0m[0m              '[1;32;40m80[0m': '[1;36;40mTelemark skiing[0m', [0m
[0m[0m              '[1;32;40mCanoeing[0m': '[1;36;40m72[0m', [0m
[0m[0m              '[1;32;40mClimbing[0m': '[1;36;40m16[0m', [0m
[0m[0m              '[1;32;40mIndoor cycling[0m': '[1;36;40m17[0m', [0m
[0m[0m              '[1;32;40mOpenwater swimming[0m': '[1;36;40m83[0m', [0m
[0m[0m              '[1;32;40m34[0m': '[1;36;40mBadminton[0m', [0m
[0m[0m              '[1;32;40mHandball[0m': '[1;36;40m68[0m', [0m
[0m[0m              '[1;32;40m85[0m': '[1;36;40mSnow shoeing[0m', [0m
[0m[0m              '[1;32;40m75[0m': '[1;36;40mOrienteering[0m', [0m
[0m[0m              '[1;32;40mCircuit training[0m': '[1;36;40m18[0m', [0m
[0m[0m              '[1;32;40m95[0m': '[1;36;40mIndoor training[0m', [0m
[0m[0m              '[1;32;40mYoga / pilates[0m': '[1;36;40m10[0m', [0m
[0m[0m              '[1;32;40m99[0m': '[1;36;40mTransition[0m', [0m
[0m[0m              '[1;32;40mSelect[0m': '[1;36;40m1[0m', [0m
[0m[0m              '[1;32;40mAlpine skiing[0m': '[1;36;40m20[0m', [0m
[0m[0m              '[1;32;40m19[0m': '[1;36;40mTriathlon[0m', [0m
[0m[0m              '[1;32;40mCrossFit[0m': '[1;36;40m90[0m', [0m
[0m[0m              '[1;32;40m18[0m': '[1;36;40mCircuit training[0m', [0m
[0m[0m              '[1;32;40mBoxing[0m': '[1;36;40m39[0m', [0m
[0m[0m              '[1;32;40m97[0m': '[1;36;40mFishing[0m', [0m
[0m[0m              '[1;32;40mTrack and field[0m': '[1;36;40m81[0m', [0m
[0m[0m              '[1;32;40m87[0m': '[1;36;40mKettlebell[0m', [0m
[0m[0m              '[1;32;40mMountaineering[0m': '[1;36;40m74[0m', [0m
[0m[0m              '[1;32;40mIce skating[0m': '[1;36;40m70[0m', [0m
[0m[0m              '[1;32;40m12[0m': '[1;36;40mWalking[0m', [0m
[0m[0m              '[1;32;40m70[0m': '[1;36;40mIce skating[0m', [0m
[0m[0m              '[1;32;40m78[0m': '[1;36;40mSki touring[0m', [0m
[0m[0m              '[1;32;40mCross-country skiing[0m': '[1;36;40m22[0m', [0m
[0m[0m              '[1;32;40m29[0m': '[1;36;40mSoftball[0m', [0m
[0m[0m              '[1;32;40m82[0m': '[1;36;40mTrail running[0m', [0m
[0m[0m              '[1;32;40mRowing[0m': '[1;36;40m15[0m', [0m
[0m[0m              '[1;32;40mAmerican football[0m': '[1;36;40m28[0m', [0m
[0m[0m              '[1;32;40mRugby[0m': '[1;36;40m76[0m', [0m
[0m[0m              '[1;32;40m94[0m': '[1;36;40mFrisbee[0m', [0m
[0m[0m              '[1;32;40m8[0m': '[1;36;40mRoller skating[0m', [0m
[0m[0m              '[1;32;40m17[0m': '[1;36;40mIndoor cycling[0m', [0m
[0m[0m              '[1;32;40mHorseback riding[0m': '[1;36;40m69[0m', [0m
[0m[0m              '[1;32;40m86[0m': '[1;36;40mWindsurfing/Surfing[0m', [0m
[0m[0m              '[1;32;40m74[0m': '[1;36;40mMountaineering[0m', [0m
[0m[0m              '[1;32;40mKettlebell[0m': '[1;36;40m87[0m', [0m
[0m[0m              '[1;32;40m3[0m': '[1;36;40mRunning[0m', [0m
[0m[0m              '[1;32;40m73[0m': '[1;36;40mMotorsports[0m', [0m
[0m[0m              '[1;32;40mMultisport[0m': '[1;36;40m2[0m', [0m
[0m[0m              '[1;32;40m25[0m': '[1;36;40mSoccer / football[0m', [0m
[0m[0m              '[1;32;40mIndoor training[0m': '[1;36;40m95[0m', [0m
[0m[0m              '[1;32;40mGolf[0m': '[1;36;40m66[0m', [0m
[0m[0m              '[1;32;40m5[0m': '[1;36;40mMountain biking[0m', [0m
[0m[0m              '[1;32;40mFrisbee[0m': '[1;36;40m94[0m', [0m
[0m[0m              '[1;32;40mMartial arts[0m': '[1;36;40m38[0m', [0m
[0m[0m              '[1;32;40mSquash[0m': '[1;36;40m37[0m', [0m
[0m[0m              '[1;32;40mRacquet ball[0m': '[1;36;40m36[0m', [0m
[0m[0m              '[1;32;40m39[0m': '[1;36;40mBoxing[0m', [0m
[0m[0m              '[1;32;40mStandup paddling (SUP)[0m': '[1;36;40m89[0m', [0m
[0m[0m              '[1;32;40m6[0m': '[1;36;40mPool swimming[0m', [0m
[0m[0m              '[1;32;40mTransition[0m': '[1;36;40m99[0m', [0m
[0m[0m              '[1;32;40m21[0m': '[1;36;40mSnowboarding[0m', [0m
[0m[0m              '[1;32;40mMotorsports[0m': '[1;36;40m73[0m', [0m
[0m[0m              '[1;32;40m38[0m': '[1;36;40mMartial arts[0m', [0m
[0m[0m              '[1;32;40m23[0m': '[1;36;40mWeight training[0m', [0m
[0m[0m              '[1;32;40m1[0m': '[1;36;40mSelect[0m', [0m
[0m[0m              '[1;32;40mRunning[0m': '[1;36;40m3[0m', [0m
[0m[0m              '[1;32;40m93[0m': '[1;36;40mTreadmill[0m', [0m
[0m[0m              '[1;32;40mBaseball[0m': '[1;36;40m31[0m', [0m
[0m[0m              '[1;32;40mWeight training[0m': '[1;36;40m23[0m', [0m
[0m[0m              '[1;32;40m30[0m': '[1;36;40mCheerleading[0m', [0m
[0m[0m              '[1;32;40mHiking[0m': '[1;36;40m96[0m', [0m
[0m[0m              '[1;32;40mFloorball[0m': '[1;36;40m40[0m', [0m
[0m[0m              '[1;32;40mKitesurfing/Kiting[0m': '[1;36;40m91[0m', [0m
[0m[0m              '[1;32;40mObstacle racing[0m': '[1;36;40m58[0m', [0m
[0m[0m              '[1;32;40m83[0m': '[1;36;40mOpenwater swimming[0m', [0m
[0m[0m              '[1;32;40m35[0m': '[1;36;40mTable tennis[0m', [0m
[0m[0m              '[1;32;40mAerobics[0m': '[1;36;40m9[0m', [0m
[0m[0m              '[1;32;40mBadminton[0m': '[1;36;40m34[0m', [0m
[0m[0m              '[1;32;40m16[0m': '[1;36;40mClimbing[0m', [0m
[0m[0m              '[1;32;40mKayaking[0m': '[1;36;40m14[0m', [0m
[0m[0m              '[1;32;40mGymnastics[0m': '[1;36;40m67[0m', [0m
[0m[0m              '[1;32;40m96[0m': '[1;36;40mHiking[0m', [0m
[0m[0m              '[1;32;40mCricket[0m': '[1;36;40m63[0m', [0m
[0m[0m              '[1;32;40mTennis[0m': '[1;36;40m33[0m', [0m
[0m[0m              '[1;32;40mTable tennis[0m': '[1;36;40m35[0m', [0m
[0m[0m              '[1;32;40m65[0m': '[1;36;40mDancing[0m', [0m
[0m[0m              '[1;32;40mTrekking[0m': '[1;36;40m11[0m', [0m
[0m[0m              '[1;32;40mHunting[0m': '[1;36;40m98[0m', [0m
[0m[0m              '[1;32;40m76[0m': '[1;36;40mRugby[0m', [0m
[0m[0m              '[1;32;40mOrienteering[0m': '[1;36;40m75[0m', [0m
[0m[0m              '[1;32;40m24[0m': '[1;36;40mBasketball[0m', [0m
[0m[0m              '[1;32;40mBasketball[0m': '[1;36;40m24[0m', [0m
[0m[0m              '[1;32;40m15[0m': '[1;36;40mRowing[0m', [0m
[0m[0m              '[1;32;40m88[0m': '[1;36;40mRoller skiing[0m', [0m
[0m[0m              '[1;32;40m11[0m': '[1;36;40mTrekking[0m', [0m
[0m[0m              '[1;32;40m13[0m': '[1;36;40mSailing[0m', [0m
[0m[0m              '[1;32;40m10[0m': '[1;36;40mYoga / pilates[0m', [0m
[0m[0m              '[1;32;40m69[0m': '[1;36;40mHorseback riding[0m', [0m
[0m[0m              '[1;32;40m26[0m': '[1;36;40mIce hockey[0m', [0m
[0m[0m              '[1;32;40m27[0m': '[1;36;40mVolleyball[0m', [0m
[0m[0m              '[1;32;40mIce hockey[0m': '[1;36;40m26[0m', [0m
[0m[0m              '[1;32;40m4[0m': '[1;36;40mCycling[0m', [0m
[0m[0m              '[1;32;40m37[0m': '[1;36;40mSquash[0m', [0m
[0m[0m              '[1;32;40mNordic walking[0m': '[1;36;40m84[0m', [0m
[0m[0m              '[1;32;40mRoller skating[0m': '[1;36;40m8[0m', [0m
[0m[0m              '[1;32;40mSnowboarding[0m': '[1;36;40m21[0m', [0m
[0m[0m              '[1;32;40m28[0m': '[1;36;40mAmerican football[0m', [0m
[0m[0m              '[1;32;40mMountain biking[0m': '[1;36;40m5[0m', [0m
[0m[0m              '[1;32;40mSailing[0m': '[1;36;40m13[0m', [0m
[0m[0m              '[1;32;40mPool swimming[0m': '[1;36;40m6[0m', [0m
[0m[0m              '[1;32;40mIndoor rowing[0m': '[1;36;40m71[0m', [0m
[0m[0m              '[1;32;40m9[0m': '[1;36;40mAerobics[0m', [0m
[0m[0m              '[1;32;40m2[0m': '[1;36;40mMultisport[0m', [0m
[0m[0m              '[1;32;40mDancing[0m': '[1;36;40m65[0m', [0m
[0m[0m              '[1;32;40m66[0m': '[1;36;40mGolf[0m', [0m
[0m[0m              '[1;32;40mCrosstrainer[0m': '[1;36;40m64[0m', [0m
[0m[0m              '[1;32;40mSoftball[0m': '[1;36;40m29[0m', [0m
[0m[0m              '[1;32;40mStretching[0m': '[1;36;40m79[0m', [0m
[0m[0m              '[1;32;40m31[0m': '[1;36;40mBaseball[0m', [0m
[0m[0m              '[1;32;40mBowling[0m': '[1;36;40m62[0m', [0m
[0m[0m              '[1;32;40mSnow shoeing[0m': '[1;36;40m85[0m', [0m
[0m[0m              '[1;32;40m67[0m': '[1;36;40mGymnastics[0m', [0m
[0m[0m              '[1;32;40mParagliding[0m': '[1;36;40m92[0m', [0m
[0m[0m              '[1;32;40mTrail running[0m': '[1;36;40m82[0m', [0m
[0m[0m              '[1;32;40m20[0m': '[1;36;40mAlpine skiing[0m', [0m
[0m[0m              '[1;32;40m79[0m': '[1;36;40mStretching[0m', [0m
[0m[0m              '[1;32;40mSki touring[0m': '[1;36;40m78[0m', [0m
[0m[0m              '[1;32;40mTriathlon[0m': '[1;36;40m19[0m', [0m
[0m[0m              '[1;32;40m61[0m': '[1;36;40mAdventure racing[0m', [0m
[0m[0m              '[1;32;40m14[0m': '[1;36;40mKayaking[0m', [0m
[0m[0m              '[1;32;40m33[0m': '[1;36;40mTennis[0m', [0m
[0m[0m              '[1;32;40mSoccer / football[0m': '[1;36;40m25[0m', [0m
[0m[0m              '[1;32;40mTreadmill[0m': '[1;36;40m93[0m', [0m
[0m[0m              '[1;32;40m62[0m': '[1;36;40mBowling[0m', [0m
[0m[0m              '[1;32;40m68[0m': '[1;36;40mHandball[0m', [0m
[0m[0m              '[1;32;40m90[0m': '[1;36;40mCrossFit[0m', [0m
[0m[0m              '[1;32;40mFishing[0m': '[1;36;40m97[0m', [0m
[0m[0m              '[1;32;40m22[0m': '[1;36;40mCross-country skiing[0m', [0m
[0m[0m              '[1;32;40mRoller skiing[0m': '[1;36;40m88[0m', [0m
[0m[0m              '[1;32;40m81[0m': '[1;36;40mTrack and field[0m', [0m
[0m[0m              '[1;32;40mAdventure racing[0m': '[1;36;40m61[0m', [0m
[0m[0m              '[1;32;40m89[0m': '[1;36;40mStandup paddling (SUP)[0m', [0m
[0m[0m              '[1;32;40m71[0m': '[1;36;40mIndoor rowing[0m', [0m
[0m[0m              '[1;32;40m36[0m': '[1;36;40mRacquet ball[0m', [0m
[0m[0m              '[1;32;40mCheerleading[0m': '[1;36;40m30[0m', [0m
[0m[0m              '[1;32;40m63[0m': '[1;36;40mCricket[0m', [0m
[0m[0m              '[1;32;40m64[0m': '[1;36;40mCrosstrainer[0m', [0m
[0m[0m              '[1;32;40mWalking[0m': '[1;36;40m12[0m', [0m
[0m[0m              '[1;32;40m72[0m': '[1;36;40mCanoeing[0m', [0m
[0m[0m              '[1;32;40m40[0m': '[1;36;40mFloorball[0m', [0m
[0m[0m              '[1;32;40m58[0m': '[1;36;40mObstacle racing[0m', [0m
[0m[0m              '[1;32;40m98[0m': '[1;36;40mHunting[0m', [0m
[0m[0m              '[1;32;40mWindsurfing/Surfing[0m': '[1;36;40m86[0m', [0m
[0m[0m              '[1;32;40m91[0m': '[1;36;40mKitesurfing/Kiting[0m', [0m
[0m[0m              '[1;32;40mTelemark skiing[0m': '[1;36;40m80[0m', [0m
[0m[0m              '[1;32;40m84[0m': '[1;36;40mNordic walking[0m', [0m
[0m[0m              '[1;32;40mCycling[0m': '[1;36;40m4[0m'[0m
[0m[0m             [1;36;40m}[0m, [0m
[0m[0m '[1;32;40mruleCategory[0m': [0m
[0m[0m                 [1;36;40m{[0m
[0m[0m                  '[1;32;40m[0m': '[1;36;40mCategory[0m', [0m
[0m[0m                  '[1;32;40mPerformance[0m': '[1;36;40m6[0m', [0m
[0m[0m                  '[1;32;40mGuidance[0m': '[1;36;40m5[0m', [0m
[0m[0m                  '[1;32;40mConsumption[0m': '[1;36;40m10[0m', [0m
[0m[0m                  '[1;32;40mTarget / Goal[0m': '[1;36;40m7[0m', [0m
[0m[0m                  '[1;32;40mTools for daily use[0m': '[1;36;40m9[0m', [0m
[0m[0m                  '[1;32;40m10[0m': '[1;36;40mConsumption[0m', [0m
[0m[0m                  '[1;32;40m0[0m': '[1;36;40mTraining[0m', [0m
[0m[0m                  '[1;32;40mCompetition[0m': '[1;36;40m1[0m', [0m
[0m[0m                  '[1;32;40m4[0m': '[1;36;40mFun[0m', [0m
[0m[0m                  '[1;32;40mCategory[0m': '[1;36;40m[0m', [0m
[0m[0m                  '[1;32;40m3[0m': '[1;36;40mEstimate[0m', [0m
[0m[0m                  '[1;32;40m1[0m': '[1;36;40mCompetition[0m', [0m
[0m[0m                  '[1;32;40mEnvironmental[0m': '[1;36;40m8[0m', [0m
[0m[0m                  '[1;32;40mFun[0m': '[1;36;40m4[0m', [0m
[0m[0m                  '[1;32;40mCounter[0m': '[1;36;40m2[0m', [0m
[0m[0m                  '[1;32;40m9[0m': '[1;36;40mTools for daily use[0m', [0m
[0m[0m                  '[1;32;40m2[0m': '[1;36;40mCounter[0m', [0m
[0m[0m                  '[1;32;40m7[0m': '[1;36;40mTarget / Goal[0m', [0m
[0m[0m                  '[1;32;40mTraining[0m': '[1;36;40m0[0m', [0m
[0m[0m                  '[1;32;40mEstimate[0m': '[1;36;40m3[0m', [0m
[0m[0m                  '[1;32;40m6[0m': '[1;36;40mPerformance[0m', [0m
[0m[0m                  '[1;32;40m8[0m': '[1;36;40mEnvironmental[0m', [0m
[0m[0m                  '[1;32;40m5[0m': '[1;36;40mGuidance[0m'[0m
[0m[0m                 [1;36;40m}[0m
[0m[1;36;40m}[0m
[0m[1;36;40m[[0m
[0m[0m [1;33;40m{[0m
[0m[0m  '[1;32;40murl[0m': '[1;36;40mhttp://www.movescount.cn/apps/app11532096-state[0m', [0m
[0m[0m  '[1;32;40mname[0m': '[1;36;40mstate[0m', [0m
[0m[0m  '[1;32;40mRuleID[0m': '[1;36;40m11532096[0m'[0m
[0m[0m [1;33;40m}[0m, [0m
[0m[0m [1;33;40m{[0m
[0m[0m  '[1;32;40murl[0m': '[1;36;40mhttp://www.movescount.cn/apps/app11531811-PAUSEsNumber[0m', [0m
[0m[0m  '[1;32;40mname[0m': '[1;36;40mPAUSEsNumber[0m', [0m
[0m[0m  '[1;32;40mRuleID[0m': '[1;36;40m11531811[0m'[0m
[0m[0m [1;33;40m}[0m, [0m
[0m[0m [1;33;40m{[0m
[0m[0m  '[1;32;40murl[0m': '[1;36;40mhttp://www.movescount.cn/apps/app11530447-SUUNTOTIME[0m', [0m
[0m[0m  '[1;32;40mname[0m': '[1;36;40mSUUNTOTIME[0m', [0m
[0m[0m  '[1;32;40mRuleID[0m': '[1;36;40m11530447[0m'[0m
[0m[0m [1;33;40m}[0m, [0m
[0m[0m [1;33;40m{[0m
[0m[0m  '[1;32;40murl[0m': '[1;36;40mhttp://www.movescount.cn/apps/app11530373-TotalTime[0m', [0m
[0m[0m  '[1;32;40mname[0m': '[1;36;40mTotalTime[0m', [0m
[0m[0m  '[1;32;40mRuleID[0m': '[1;36;40m11530373[0m'[0m
[0m[0m [1;33;40m}[0m, [0m
[0m[0m [1;33;40m{[0m
[0m[0m  '[1;32;40murl[0m': '[1;36;40mhttp://www.movescount.cn/apps/app11529365-TotalPausedTime[0m', [0m
[0m[0m  '[1;32;40mname[0m': '[1;36;40mTotalPausedTime[0m', [0m
[0m[0m  '[1;32;40mRuleID[0m': '[1;36;40m11529365[0m'[0m
[0m[0m [1;33;40m}[0m, [0m
[0m[0m [1;33;40m{[0m
[0m[0m  '[1;32;40murl[0m': '[1;36;40mhttp://www.movescount.cn/apps/app11516918-presetSecsCounterDown[0m', [0m
[0m[0m  '[1;32;40mname[0m': '[1;36;40mpresetSecsCounterDown[0m', [0m
[0m[0m  '[1;32;40mRuleID[0m': '[1;36;40m11516918[0m'[0m
[0m[0m [1;33;40m}[0m, [0m
[0m[0m [1;33;40m{[0m
[0m[0m  '[1;32;40murl[0m': '[1;36;40mhttp://www.movescount.cn/apps/app11516164-DURATIONPREV[0m', [0m
[0m[0m  '[1;32;40mname[0m': '[1;36;40mDURATIONPREV[0m', [0m
[0m[0m  '[1;32;40mRuleID[0m': '[1;36;40m11516164[0m'[0m
[0m[0m [1;33;40m}[0m, [0m
[0m[0m [1;33;40m{[0m
[0m[0m  '[1;32;40murl[0m': '[1;36;40mhttp://www.movescount.cn/apps/app11516163-DURATION[0m', [0m
[0m[0m  '[1;32;40mname[0m': '[1;36;40mDURATION[0m', [0m
[0m[0m  '[1;32;40mRuleID[0m': '[1;36;40m11516163[0m'[0m
[0m[0m [1;33;40m}[0m, [0m
[0m[0m [1;33;40m{[0m
[0m[0m  '[1;32;40murl[0m': '[1;36;40mhttp://www.movescount.cn/apps/app11516125-ROUNDCOUNTER[0m', [0m
[0m[0m  '[1;32;40mname[0m': '[1;36;40mROUNDCOUNTER[0m', [0m
[0m[0m  '[1;32;40mRuleID[0m': '[1;36;40m11516125[0m'[0m
[0m[0m [1;33;40m}[0m, [0m
[0m[0m [1;33;40m{[0m
[0m[0m  '[1;32;40murl[0m': '[1;36;40mhttp://www.movescount.cn/apps/app11516108-POOLENCOUNTER[0m', [0m
[0m[0m  '[1;32;40mname[0m': '[1;36;40mPOOLENCOUNTER[0m', [0m
[0m[0m  '[1;32;40mRuleID[0m': '[1;36;40m11516108[0m'[0m
[0m[0m [1;33;40m}[0m, [0m
[0m[0m [1;33;40m{[0m
[0m[0m  '[1;32;40murl[0m': '[1;36;40mhttp://www.movescount.cn/apps/app11503422-KFCtemperature[0m', [0m
[0m[0m  '[1;32;40mname[0m': '[1;36;40mKFCtemperature[0m', [0m
[0m[0m  '[1;32;40mRuleID[0m': '[1;36;40m11503422[0m'[0m
[0m[0m [1;33;40m}[0m, [0m
[0m[0m [1;33;40m{[0m
[0m[0m  '[1;32;40murl[0m': '[1;36;40mhttp://www.movescount.cn/apps/app11503376-30SecondsCountDown[0m', [0m
[0m[0m  '[1;32;40mname[0m': '[1;36;40m30SecondsCountDown[0m', [0m
[0m[0m  '[1;32;40mRuleID[0m': '[1;36;40m11503376[0m'[0m
[0m[0m [1;33;40m}[0m
[0m[1;36;40m][0m
